<?xml version="1.0" encoding="UTF-8"?>
<testng-results skipped="0" failed="1" ignored="0" total="3" passed="2">
  <reporter-output>
  </reporter-output>
  <suite name="Suite" duration-ms="30132" started-at="2020-05-27T19:00:46 IST" finished-at="2020-05-27T19:01:16 IST">
    <groups>
    </groups>
    <test name="Test" duration-ms="30132" started-at="2020-05-27T19:00:46 IST" finished-at="2020-05-27T19:01:16 IST">
      <class name="com.integration.ExtentReportWithLatestVersion">
        <test-method status="PASS" signature="setExtent()[pri:0, instance:com.integration.ExtentReportWithLatestVersion@7c7a06ec]" name="setExtent" is-config="true" duration-ms="209" started-at="2020-05-27T19:00:46 IST" finished-at="2020-05-27T19:00:46 IST">
          <reporter-output>
          </reporter-output>
        </test-method> <!-- setExtent -->
        <test-method status="PASS" signature="setUp()[pri:0, instance:com.integration.ExtentReportWithLatestVersion@7c7a06ec]" name="setUp" is-config="true" duration-ms="10410" started-at="2020-05-27T19:00:46 IST" finished-at="2020-05-27T19:00:57 IST">
          <reporter-output>
          </reporter-output>
        </test-method> <!-- setUp -->
        <test-method status="PASS" signature="noCommerceLoginTest()[pri:0, instance:com.integration.ExtentReportWithLatestVersion@7c7a06ec]" name="noCommerceLoginTest" duration-ms="134" started-at="2020-05-27T19:00:57 IST" finished-at="2020-05-27T19:00:57 IST">
          <reporter-output>
          </reporter-output>
        </test-method> <!-- noCommerceLoginTest -->
        <test-method status="PASS" signature="tearDown(org.testng.ITestResult)[pri:0, instance:com.integration.ExtentReportWithLatestVersion@7c7a06ec]" name="tearDown" is-config="true" duration-ms="14" started-at="2020-05-27T19:00:58 IST" finished-at="2020-05-27T19:00:58 IST">
          <params>
            <param index="0">
              <value>
                <![CDATA[[TestResult name=noCommerceLoginTest status=SUCCESS method=ExtentReportWithLatestVersion.noCommerceLoginTest()[pri:0, instance:com.integration.ExtentReportWithLatestVersion@7c7a06ec] output={null}]]]>
              </value>
            </param>
          </params>
          <reporter-output>
          </reporter-output>
        </test-method> <!-- tearDown -->
        <test-method status="PASS" signature="setUp()[pri:0, instance:com.integration.ExtentReportWithLatestVersion@7c7a06ec]" name="setUp" is-config="true" duration-ms="8400" started-at="2020-05-27T19:00:58 IST" finished-at="2020-05-27T19:01:06 IST">
          <reporter-output>
          </reporter-output>
        </test-method> <!-- setUp -->
        <test-method status="PASS" signature="noCommerceLogoTest()[pri:0, instance:com.integration.ExtentReportWithLatestVersion@7c7a06ec]" name="noCommerceLogoTest" duration-ms="317" started-at="2020-05-27T19:01:06 IST" finished-at="2020-05-27T19:01:06 IST">
          <reporter-output>
          </reporter-output>
        </test-method> <!-- noCommerceLogoTest -->
        <test-method status="PASS" signature="tearDown(org.testng.ITestResult)[pri:0, instance:com.integration.ExtentReportWithLatestVersion@7c7a06ec]" name="tearDown" is-config="true" duration-ms="2" started-at="2020-05-27T19:01:06 IST" finished-at="2020-05-27T19:01:06 IST">
          <params>
            <param index="0">
              <value>
                <![CDATA[[TestResult name=noCommerceLogoTest status=SUCCESS method=ExtentReportWithLatestVersion.noCommerceLogoTest()[pri:0, instance:com.integration.ExtentReportWithLatestVersion@7c7a06ec] output={null}]]]>
              </value>
            </param>
          </params>
          <reporter-output>
          </reporter-output>
        </test-method> <!-- tearDown -->
        <test-method status="PASS" signature="setUp()[pri:0, instance:com.integration.ExtentReportWithLatestVersion@7c7a06ec]" name="setUp" is-config="true" duration-ms="7609" started-at="2020-05-27T19:01:06 IST" finished-at="2020-05-27T19:01:14 IST">
          <reporter-output>
          </reporter-output>
        </test-method> <!-- setUp -->
        <test-method status="FAIL" signature="noCommerceTitleTest()[pri:0, instance:com.integration.ExtentReportWithLatestVersion@7c7a06ec]" name="noCommerceTitleTest" duration-ms="56" started-at="2020-05-27T19:01:14 IST" finished-at="2020-05-27T19:01:14 IST">
          <exception class="java.lang.AssertionError">
            <message>
              <![CDATA[expected [noCommerce demo store] but found [nopCommerce demo store]]]>
            </message>
            <full-stacktrace>
              <![CDATA[java.lang.AssertionError: expected [noCommerce demo store] but found [nopCommerce demo store]
at org.testng.Assert.fail(Assert.java:97)
at org.testng.Assert.assertEqualsImpl(Assert.java:136)
at org.testng.Assert.assertEquals(Assert.java:118)
at org.testng.Assert.assertEquals(Assert.java:575)
at org.testng.Assert.assertEquals(Assert.java:585)
at com.integration.ExtentReportWithLatestVersion.noCommerceTitleTest(ExtentReportWithLatestVersion.java:70)
at sun.reflect.NativeMethodAccessorImpl.invoke0(Native Method)
at sun.reflect.NativeMethodAccessorImpl.invoke(Unknown Source)
at sun.reflect.DelegatingMethodAccessorImpl.invoke(Unknown Source)
at java.lang.reflect.Method.invoke(Unknown Source)
at org.testng.internal.MethodInvocationHelper.invokeMethod(MethodInvocationHelper.java:134)
at org.testng.internal.TestInvoker.invokeMethod(TestInvoker.java:597)
at org.testng.internal.TestInvoker.invokeTestMethod(TestInvoker.java:173)
at org.testng.internal.MethodRunner.runInSequence(MethodRunner.java:46)
at org.testng.internal.TestInvoker$MethodInvocationAgent.invoke(TestInvoker.java:816)
at org.testng.internal.TestInvoker.invokeTestMethods(TestInvoker.java:146)
at org.testng.internal.TestMethodWorker.invokeTestMethods(TestMethodWorker.java:146)
at org.testng.internal.TestMethodWorker.run(TestMethodWorker.java:128)
at java.util.ArrayList.forEach(Unknown Source)
at org.testng.TestRunner.privateRun(TestRunner.java:766)
at org.testng.TestRunner.run(TestRunner.java:587)
at org.testng.SuiteRunner.runTest(SuiteRunner.java:384)
at org.testng.SuiteRunner.runSequentially(SuiteRunner.java:378)
at org.testng.SuiteRunner.privateRun(SuiteRunner.java:337)
at org.testng.SuiteRunner.run(SuiteRunner.java:286)
at org.testng.SuiteRunnerWorker.runSuite(SuiteRunnerWorker.java:53)
at org.testng.SuiteRunnerWorker.run(SuiteRunnerWorker.java:96)
at org.testng.TestNG.runSuitesSequentially(TestNG.java:1187)
at org.testng.TestNG.runSuitesLocally(TestNG.java:1109)
at org.testng.TestNG.runSuites(TestNG.java:1039)
at org.testng.TestNG.run(TestNG.java:1007)
at org.testng.remote.AbstractRemoteTestNG.run(AbstractRemoteTestNG.java:115)
at org.testng.remote.RemoteTestNG.initAndRun(RemoteTestNG.java:251)
at org.testng.remote.RemoteTestNG.main(RemoteTestNG.java:77)
]]>
            </full-stacktrace>
          </exception> <!-- java.lang.AssertionError -->
          <reporter-output>
          </reporter-output>
        </test-method> <!-- noCommerceTitleTest -->
        <test-method status="PASS" signature="tearDown(org.testng.ITestResult)[pri:0, instance:com.integration.ExtentReportWithLatestVersion@7c7a06ec]" name="tearDown" is-config="true" duration-ms="826" started-at="2020-05-27T19:01:14 IST" finished-at="2020-05-27T19:01:15 IST">
          <params>
            <param index="0">
              <value>
                <![CDATA[[TestResult name=noCommerceTitleTest status=FAILURE method=ExtentReportWithLatestVersion.noCommerceTitleTest()[pri:0, instance:com.integration.ExtentReportWithLatestVersion@7c7a06ec] output={null}]]]>
              </value>
            </param>
          </params>
          <reporter-output>
          </reporter-output>
        </test-method> <!-- tearDown -->
        <test-method status="PASS" signature="endReport()[pri:0, instance:com.integration.ExtentReportWithLatestVersion@7c7a06ec]" name="endReport" is-config="true" duration-ms="1578" started-at="2020-05-27T19:01:15 IST" finished-at="2020-05-27T19:01:16 IST">
          <reporter-output>
          </reporter-output>
        </test-method> <!-- endReport -->
      </class> <!-- com.integration.ExtentReportWithLatestVersion -->
    </test> <!-- Test -->
  </suite> <!-- Suite -->
</testng-results>
