<?xml version="1.0" encoding="UTF-8"?>
<!-- Generated by org.testng.reporters.JUnitXMLReporter -->
<testsuite hostname="Lenovo-PC" ignored="0" name="Test" tests="3" failures="1" timestamp="2020-05-27T19:01:16 IST" time="30.132" errors="0">
  <testcase name="noCommerceLoginTest" time="0.134" classname="com.integration.ExtentReportWithLatestVersion"/>
  <testcase name="noCommerceLogoTest" time="0.317" classname="com.integration.ExtentReportWithLatestVersion"/>
  <testcase name="noCommerceTitleTest" time="0.056" classname="com.integration.ExtentReportWithLatestVersion">
    <failure type="java.lang.AssertionError" message="expected [noCommerce demo store] but found [nopCommerce demo store]">
      <![CDATA[java.lang.AssertionError: expected [noCommerce demo store] but found [nopCommerce demo store]
at com.integration.ExtentReportWithLatestVersion.noCommerceTitleTest(ExtentReportWithLatestVersion.java:70)
at java.util.ArrayList.forEach(Unknown Source)
... Removed 32 stack frames]]>
    </failure>
  </testcase> <!-- noCommerceTitleTest -->
</testsuite> <!-- Test -->
